<?xml version="1.0" encoding="UTF-8"?>
<testng-results skipped="0" failed="0" ignored="0" total="1" passed="1">
  <reporter-output>
  </reporter-output>
  <suite name="Default suite" duration-ms="31564" started-at="2019-11-19T03:28:08Z" finished-at="2019-11-19T03:28:39Z">
    <groups>
    </groups>
    <test name="Default test" duration-ms="31564" started-at="2019-11-19T03:28:08Z" finished-at="2019-11-19T03:28:39Z">
      <class name="simple.Tests">
        <test-method status="PASS" signature="magentoLogin()[pri:0, instance:simple.Tests@724af044]" name="magentoLogin" duration-ms="31510" started-at="2019-11-19T08:58:08Z" finished-at="2019-11-19T08:58:39Z">
          <reporter-output>
          </reporter-output>
        </test-method> <!-- magentoLogin -->
      </class> <!-- simple.Tests -->
    </test> <!-- Default test -->
  </suite> <!-- Default suite -->
</testng-results>
